\BOOKMARK [0][]{chapter.2}{1 Einleitung, Motivation - motivation}{}% 1
\BOOKMARK [0][]{chapter.3}{2 Basis Transformationen}{}% 2
\BOOKMARK [1][]{section.4}{2.1 Die Transformation von Koordinaten schlie\337t die Transformation der Basis mit ein}{chapter.3}% 3
\BOOKMARK [1][]{section.5}{2.2 Beispielhafte Vorf\374hrung von einem definierten Welt- zu einem synthetischen Kamerakoordinatensystem}{chapter.3}% 4
\BOOKMARK [1][]{section.85}{2.3 \334bersicht \374ber die ben\366tigten Koordinatensysteme und Transformationen f\374r die Stereobildanalyse}{chapter.3}% 5
\BOOKMARK [1][]{section.86}{2.4 Aubau der Koordinatenssysteme}{chapter.3}% 6
\BOOKMARK [0][]{chapter.160}{3 Homographien in der Ebene}{}% 7
\BOOKMARK [1][]{section.173}{3.1 Homographie zwischen der Abbildungen eines Quaders einer Ausgangskamera und einer dazu um das Projektionszentrum rotierten Kamera}{chapter.160}% 8
\BOOKMARK [1][]{section.260}{3.2 Abbildungsunterschiede von Rotationen um ein Projektionszentrum und Rotation um einen beliebigen Drehpunkt von Punkten in der Ebene}{chapter.160}% 9
\BOOKMARK [1][]{section.264}{3.3 Punkte in unterschiedlichen Ebenen}{chapter.160}% 10
\BOOKMARK [1][]{section.265}{3.4 Epipolargeometrie als Grundlage der Stereokalibrierung und Szenenrekonstrunktion}{chapter.160}% 11
\BOOKMARK [1][]{section.266}{3.5 Geometrische Erl\344uterung der Fundamentalmatrix und der Essentiellen Matrix}{chapter.160}% 12
\BOOKMARK [0][]{chapter.267}{4 Minimalbeispiel 3D-Stereokalibrierung und Szenenrekonstruktion bei Kameras gleicher Aufl\366sung}{}% 13
\BOOKMARK [1][]{section.268}{4.1 Vorgehen: Projektion eines Quaders in zwei verschieden transformierte Kameras}{chapter.267}% 14
\BOOKMARK [1][]{section.281}{4.2 Berechnung der Projetkionsmatritzen}{chapter.267}% 15
\BOOKMARK [1][]{section.296}{4.3 Transformation der Weltpunkte in Koordinaten der Koordinatensysteme von beiden Kameras}{chapter.267}% 16
\BOOKMARK [1][]{section.304}{4.4 Berechnung der projizietrten Punkte auf den beiden Bildebenen}{chapter.267}% 17
\BOOKMARK [1][]{section.307}{4.5 Umrechnung von Bildebenenkoordinaten in Sensorkoordinaten}{chapter.267}% 18
\BOOKMARK [1][]{section.332}{4.6 Ermitteln der Fundamentalmatrix mit Hilfe des 8-Point-Algorithms}{chapter.267}% 19
\BOOKMARK [1][]{section.347}{4.7 Berechnen der Epipole und Epipolargeraden mit der Fundamentalmatrix}{chapter.267}% 20
\BOOKMARK [2][]{subsection.353}{4.7.1 Konstruktion der Epipole und der Epipolgeraden auf Grundlage der Epipolargeometrie}{section.347}% 21
\BOOKMARK [1][]{section.370}{4.8 Ermitteln der Essentiellen Matrix \374ber die Fundamentalmatrix}{chapter.267}% 22
\BOOKMARK [2][]{subsection.385}{4.8.1 Ermitteln der Essentiellen Matrix mit normierten Bildkoordinaten und dem 8-Point-Algorithm}{section.370}% 23
\BOOKMARK [1][]{section.386}{4.9 Ermitteln der exterenen Kameraparameter mit Hilfe der Essentiellen Matrix}{chapter.267}% 24
\BOOKMARK [1][]{section.409}{4.10 Punkterekonstruktion durch Triangulation}{chapter.267}% 25
\BOOKMARK [2][]{subsection.410}{4.10.1 Rektifizierung}{section.409}% 26
\BOOKMARK [0][]{chapter.411}{5 Minimalbeispiel 3D-Stereokalibrierung und Szenenrekonstruktion bei Kameras unterschiedlicher Aufl\366sung}{}% 27
\BOOKMARK [1][]{section.412}{5.1 Vorgehen: Projektion eines Quaders in zwei verschieden transformierte Kameras mit unterschiedlichen Aufl\366sungen}{chapter.411}% 28
\BOOKMARK [1][]{section.413}{5.2 Berechnung der Projetkionsmatritzen}{chapter.411}% 29
\BOOKMARK [1][]{section.414}{5.3 Transformation der Weltpunkte in Koordinaten der Koordinatensysteme von beiden Kameras}{chapter.411}% 30
\BOOKMARK [1][]{section.415}{5.4 Berechnung der projizierten Punkte auf den beiden Bildebenen}{chapter.411}% 31
\BOOKMARK [1][]{section.416}{5.5 Behauptung 1: Kameras unterschiedlicher Aufl\366sung haben keine Auswirkung auf die Ermittlung der externen Kameraparameter}{chapter.411}% 32
\BOOKMARK [1][]{section.417}{5.6 Ermitteln der Fundamentalmatrix mit Hilfe des 8-Point-Algorithms}{chapter.411}% 33
\BOOKMARK [1][]{section.418}{5.7 Ermitteln der Essentiellen Matrix \374ber die Fundamentalmatrix}{chapter.411}% 34
\BOOKMARK [1][]{section.419}{5.8 Ermitteln der externen Kameraparameter mit Hilfe der Essentiellen Matrix}{chapter.411}% 35
\BOOKMARK [1][]{section.420}{5.9 Behauptung 2: Durch Rektifizierung der Bilder kann eine reelle Triangulation erfolgen}{chapter.411}% 36
\BOOKMARK [1][]{section.421}{5.10 Rektifizierung}{chapter.411}% 37
\BOOKMARK [1][]{section.422}{5.11 Erstellen einer Tiefenkarte aus zwei rektifizierten Bildern}{chapter.411}% 38
\BOOKMARK [1][]{section.423}{5.12 Punkterekonstruktion durch Triangulation}{chapter.411}% 39
\BOOKMARK [1][]{section.424}{5.13 Vergleich der rekonstruierten Szenen}{chapter.411}% 40
\BOOKMARK [0][]{chapter.425}{6 3D-Stereokalibrierung und Szenenrekonstruktion mit reellen Daten und Kameras gleicher Aufl\366sung}{}% 41
\BOOKMARK [1][]{section.426}{6.1 Vorgehen}{chapter.425}% 42
\BOOKMARK [1][]{section.429}{6.2 Aufbau der Set-Ups}{chapter.425}% 43
\BOOKMARK [1][]{section.435}{6.3 Unterschiede im Algorithmus im Verlgleich zum Minimalbeispiel}{chapter.425}% 44
\BOOKMARK [2][]{subsection.436}{6.3.1 normalisierung der eingehenden Daten und Berechnung der Fundamentalmatrix \374ber den normalized 8-Point-Algorithm}{section.435}% 45
\BOOKMARK [2][]{subsection.456}{6.3.2 Ermitteln der Essentiellen Matrix und Einf\374hrung des singularity-constraints}{section.435}% 46
\BOOKMARK [1][]{section.462}{6.4 Rekonstruktion der exterenen Kameraparameter}{chapter.425}% 47
\BOOKMARK [1][]{section.488}{6.5 Szenenrekonstruktion mit Hilfe der Sampson-approximation}{chapter.425}% 48
\BOOKMARK [2][]{subsection.489}{6.5.1 andere Ans\344tze f\374r Triangulationsverfahren}{section.488}% 49
\BOOKMARK [0][]{chapter.490}{7 3D-Stereokalibrierung und Szenenrekonstruktion mit reellen Daten und Kameras unterschiedlicher Aufl\366sung}{}% 50
\BOOKMARK [1][]{section.491}{7.1 Vorgehen}{chapter.490}% 51
\BOOKMARK [1][]{section.492}{7.2 Aufbau der Set-Ups}{chapter.490}% 52
\BOOKMARK [1][]{section.493}{7.3 Was bedeuten andere Aufl\366sungen f\374r die Belichtung auf dem Sensor}{chapter.490}% 53
\BOOKMARK [1][]{section.494}{7.4 Rekonstruktion der Szene ohne Rektifizierung}{chapter.490}% 54
\BOOKMARK [1][]{section.495}{7.5 Rekonstruktion der Szenen mit Rektifizierung}{chapter.490}% 55
\BOOKMARK [0][]{chapter.496}{8 Aufbauprojekt- Algorithmus zur Punktesortierung in verzeichneten Schachbrettbildern}{}% 56
\BOOKMARK [1][]{section.497}{8.1 Algorithmus zur Punktesortierung in verzeichneten Schachbrettbildern}{chapter.496}% 57
\BOOKMARK [2][]{subsection.498}{8.1.1 Vorl\344ufiges Klassendiagramm}{section.497}% 58
\BOOKMARK [2][]{subsection.504}{8.1.2 Beispiele}{section.497}% 59
\BOOKMARK [2][]{subsection.513}{8.1.3 Weiteres Vorgehen/ Was fehlt noch}{section.497}% 60
\BOOKMARK [0][]{chapter.516}{9 C3 - ExampleHeader2}{}% 61
\BOOKMARK [0][]{chapter.517}{10 C3 - ExampleHeader3}{}% 62
\BOOKMARK [0][]{chapter.518}{11 Fazit - Conclusion}{}% 63
\BOOKMARK [0][]{chapter.519}{12 N\344chste Schritte - next steps}{}% 64
\BOOKMARK [0][]{chapter.520}{13 Protocol - 10.11.2015}{}% 65
\BOOKMARK [0][]{chapter.521}{14 Abk\374rzungsverzeichnis - List of Abbrevations}{}% 66
